#
# There is insufficient memory for the Java Runtime Environment to continue.
# Native memory allocation (malloc) failed to allocate 131088 bytes for Chunk::new
# Possible reasons:
#   The system is out of physical RAM or swap space
#   In 32 bit mode, the process size limit was hit
# Possible solutions:
#   Reduce memory load on the system
#   Increase physical memory or swap space
#   Check if swap backing store is full
#   Use 64 bit Java on a 64 bit OS
#   Decrease Java heap size (-Xmx/-Xms)
#   Decrease number of Java threads
#   Decrease Java thread stack sizes (-Xss)
#   Set larger code cache with -XX:ReservedCodeCacheSize=
# This output file may be truncated or incomplete.
#
#  Out of Memory Error (allocation.cpp:323), pid=37256, tid=39084
#
# JRE version: Java(TM) SE Runtime Environment (7.0_79-b15) (build 1.7.0_79-b15)
# Java VM: Java HotSpot(TM) 64-Bit Server VM (24.79-b02 mixed mode windows-amd64 compressed oops)
# Failed to write core dump. Minidumps are not enabled by default on client versions of Windows
#

---------------  T H R E A D  ---------------

Current thread (0x00000000027cf000):  JavaThread "C2 CompilerThread0" daemon [_thread_in_native, id=39084, stack(0x000000000b750000,0x000000000b850000)]

Stack: [0x000000000b750000,0x000000000b850000]
[error occurred during error reporting (printing stack bounds), id 0xc0000005]


[error occurred during error reporting (printing native stack), id 0xc0000005]


Current CompileTask:
C2:   5064  678             java.beans.Introspector::getTargetEventInfo (1089 bytes)


---------------  P R O C E S S  ---------------

Java Threads: ( => current thread )
  0x000000000c566800 JavaThread "Unknown thread" [_thread_in_native, id=36404, stack(0x000000000dd60000,0x000000000de60000)]
  0x000000000c4d6000 JavaThread "Unknown thread" [_thread_blocked, id=13120, stack(0x000000000dc60000,0x000000000dd60000)]
  0x000000000c3b9800 JavaThread "Daemon worker" [_thread_blocked, id=34804, stack(0x000000000db60000,0x000000000dc60000)]
  0x000000000c1ec000 JavaThread "Unknown thread" [_thread_blocked, id=42300, stack(0x000000000da60000,0x000000000db60000)]
  0x000000000c0d0800 JavaThread "Unknown thread" [_thread_in_native, id=41512, stack(0x000000000d960000,0x000000000da60000)]
  0x000000000bfb3800 JavaThread "Unknown thread" [_thread_blocked, id=41728, stack(0x000000000d860000,0x000000000d960000)]
  0x000000000c036800 JavaThread "Incoming local TCP Connector on port 63432" [_thread_in_native, id=6212, stack(0x000000000d680000,0x000000000d780000)]
  0x00000000027d1800 JavaThread "Service Thread" daemon [_thread_blocked, id=36172, stack(0x000000000b950000,0x000000000ba50000)]
  0x00000000027d0800 JavaThread "C2 CompilerThread1" daemon [_thread_in_native, id=23188, stack(0x000000000b850000,0x000000000b950000)]
=>0x00000000027cf000 JavaThread "C2 CompilerThread0" daemon [_thread_in_native, id=39084, stack(0x000000000b750000,0x000000000b850000)]
  0x000000000b171000 JavaThread "Attach Listener" daemon [_thread_blocked, id=37640, stack(0x000000000b650000,0x000000000b750000)]
  0x000000000b170800 JavaThread "Signal Dispatcher" daemon [_thread_blocked, id=41452, stack(0x000000000b550000,0x000000000b650000)]
  0x0000000009180800 JavaThread "Finalizer" daemon [_thread_blocked, id=41760, stack(0x000000000b050000,0x000000000b150000)]
  0x0000000009179000 JavaThread "Reference Handler" daemon [_thread_blocked, id=41928, stack(0x000000000af50000,0x000000000b050000)]
  0x00000000025dd800 JavaThread "main" [_thread_blocked, id=38028, stack(0x00000000025e0000,0x00000000026e0000)]

Other Threads:
  0x0000000009174000 VMThread [stack: 0x000000000ae50000,0x000000000af50000] [id=42608]
  0x00000000027de800 WatcherThread [stack: 0x000000000ba50000,0x000000000bb50000] [id=42580]

VM state:at safepoint (normal execution)

VM Mutex/Monitor currently owned by a thread:  ([mutex/lock_event])
[0x00000000025dc2d0] Threads_lock - owner thread: 0x0000000009174000
[0x00000000025dc650] Heap_lock - owner thread: 0x000000000c3b9800

Heap
 PSYoungGen      total 282112K, used 26238K [0x00000000eaa80000, 0x00000000fe080000, 0x0000000100000000)
  eden space 254464K, 0% used [0x00000000eaa80000,0x00000000eaa80000,0x00000000fa300000)
  from space 27648K, 94% used [0x00000000fa300000,0x00000000fbc9f830,0x00000000fbe00000)
  to   space 19968K, 0% used [0x00000000fbe00000,0x00000000fbe00000,0x00000000fd180000)
 ParOldGen       total 174080K, used 23624K [0x00000000c0000000, 0x00000000caa00000, 0x00000000eaa80000)
  object space 174080K, 13% used [0x00000000c0000000,0x00000000c17122c8,0x00000000caa00000)
 PSPermGen       total 40448K, used 40447K [0x00000000b0000000, 0x00000000b2780000, 0x00000000c0000000)
  object space 40448K, 99% used [0x00000000b0000000,0x00000000b277ffb0,0x00000000b2780000)

Card table byte_map: [0x00000000058a0000,0x0000000005b30000] byte_map_base: 0x0000000005320000

Polling page: 0x00000000024f0000

Code Cache  [0x00000000027e0000, 0x0000000002b30000, 0x00000000057e0000)
 total_blobs=1263 nmethods=645 adapters=570 free_code_cache=45897Kb largest_free_block=46896640

Compilation events (10 events):
Event: 4.295 Thread 0x00000000027cf000 nmethod 672 0x0000000002a5bf90 code [0x0000000002a5c160, 0x0000000002a5caa0]
Event: 4.295 Thread 0x00000000027cf000  674             java.util.TreeMap::getEntry (84 bytes)
Event: 4.297 Thread 0x00000000027cf000 nmethod 674 0x0000000002b17d50 code [0x0000000002b17ec0, 0x0000000002b181c8]
Event: 4.297 Thread 0x00000000027cf000  675             java.util.LinkedHashMap::get (25 bytes)
Event: 4.299 Thread 0x00000000027cf000 nmethod 675 0x0000000002b17610 code [0x0000000002b17780, 0x0000000002b17a28]
Event: 4.299 Thread 0x00000000027cf000  676             java.lang.reflect.Method::getAnnotation (26 bytes)
Event: 4.301 Thread 0x00000000027cf000 nmethod 676 0x0000000002b16d90 code [0x0000000002b16f20, 0x0000000002b17250]
Event: 4.301 Thread 0x00000000027cf000  677             sun.misc.SharedSecrets::getJavaLangAccess (4 bytes)
Event: 4.302 Thread 0x00000000027cf000 nmethod 677 0x00000000029e5c90 code [0x00000000029e5dc0, 0x00000000029e5e18]
Event: 4.302 Thread 0x00000000027cf000  678             java.beans.Introspector::getTargetEventInfo (1089 bytes)

GC Heap History (10 events):
Event: 1.452 GC heap after
Heap after GC invocations=3 (full 0):
 PSYoungGen      total 76288K, used 6500K [0x00000000eaa80000, 0x00000000f3f80000, 0x0000000100000000)
  eden space 65536K, 0% used [0x00000000eaa80000,0x00000000eaa80000,0x00000000eea80000)
  from space 10752K, 60% used [0x00000000eea80000,0x00000000ef0d9230,0x00000000ef500000)
  to   space 10752K, 0% used [0x00000000f3500000,0x00000000f3500000,0x00000000f3f80000)
 ParOldGen       total 174080K, used 348K [0x00000000c0000000, 0x00000000caa00000, 0x00000000eaa80000)
  object space 174080K, 0% used [0x00000000c0000000,0x00000000c00573b0,0x00000000caa00000)
 PSPermGen       total 21504K, used 20152K [0x00000000b0000000, 0x00000000b1500000, 0x00000000c0000000)
  object space 21504K, 93% used [0x00000000b0000000,0x00000000b13ae120,0x00000000b1500000)
}
Event: 1.730 GC heap before
{Heap before GC invocations=4 (full 0):
 PSYoungGen      total 76288K, used 72036K [0x00000000eaa80000, 0x00000000f3f80000, 0x0000000100000000)
  eden space 65536K, 100% used [0x00000000eaa80000,0x00000000eea80000,0x00000000eea80000)
  from space 10752K, 60% used [0x00000000eea80000,0x00000000ef0d9230,0x00000000ef500000)
  to   space 10752K, 0% used [0x00000000f3500000,0x00000000f3500000,0x00000000f3f80000)
 ParOldGen       total 174080K, used 348K [0x00000000c0000000, 0x00000000caa00000, 0x00000000eaa80000)
  object space 174080K, 0% used [0x00000000c0000000,0x00000000c00573b0,0x00000000caa00000)
 PSPermGen       total 22528K, used 22365K [0x00000000b0000000, 0x00000000b1600000, 0x00000000c0000000)
  object space 22528K, 99% used [0x00000000b0000000,0x00000000b15d7788,0x00000000b1600000)
Event: 1.737 GC heap after
Heap after GC invocations=4 (full 0):
 PSYoungGen      total 141824K, used 9478K [0x00000000eaa80000, 0x00000000f3f80000, 0x0000000100000000)
  eden space 131072K, 0% used [0x00000000eaa80000,0x00000000eaa80000,0x00000000f2a80000)
  from space 10752K, 88% used [0x00000000f3500000,0x00000000f3e41b68,0x00000000f3f80000)
  to   space 10752K, 0% used [0x00000000f2a80000,0x00000000f2a80000,0x00000000f3500000)
 ParOldGen       total 174080K, used 356K [0x00000000c0000000, 0x00000000caa00000, 0x00000000eaa80000)
  object space 174080K, 0% used [0x00000000c0000000,0x00000000c00593b0,0x00000000caa00000)
 PSPermGen       total 22528K, used 22365K [0x00000000b0000000, 0x00000000b1600000, 0x00000000c0000000)
  object space 22528K, 99% used [0x00000000b0000000,0x00000000b15d7788,0x00000000b1600000)
}
Event: 2.899 GC heap before
{Heap before GC invocations=5 (full 0):
 PSYoungGen      total 141824K, used 140550K [0x00000000eaa80000, 0x00000000f3f80000, 0x0000000100000000)
  eden space 131072K, 100% used [0x00000000eaa80000,0x00000000f2a80000,0x00000000f2a80000)
  from space 10752K, 88% used [0x00000000f3500000,0x00000000f3e41b68,0x00000000f3f80000)
  to   space 10752K, 0% used [0x00000000f2a80000,0x00000000f2a80000,0x00000000f3500000)
 ParOldGen       total 174080K, used 356K [0x00000000c0000000, 0x00000000caa00000, 0x00000000eaa80000)
  object space 174080K, 0% used [0x00000000c0000000,0x00000000c00593b0,0x00000000caa00000)
 PSPermGen       total 32256K, used 31840K [0x00000000b0000000, 0x00000000b1f80000, 0x00000000c0000000)
  object space 32256K, 98% used [0x00000000b0000000,0x00000000b1f18108,0x00000000b1f80000)
Event: 2.916 GC heap after
Heap after GC invocations=5 (full 0):
 PSYoungGen      total 141824K, used 10728K [0x00000000eaa80000, 0x00000000fd180000, 0x0000000100000000)
  eden space 131072K, 0% used [0x00000000eaa80000,0x00000000eaa80000,0x00000000f2a80000)
  from space 10752K, 99% used [0x00000000f2a80000,0x00000000f34fa290,0x00000000f3500000)
  to   space 19968K, 0% used [0x00000000fbe00000,0x00000000fbe00000,0x00000000fd180000)
 ParOldGen       total 174080K, used 10760K [0x00000000c0000000, 0x00000000caa00000, 0x00000000eaa80000)
  object space 174080K, 6% used [0x00000000c0000000,0x00000000c0a822e0,0x00000000caa00000)
 PSPermGen       total 32256K, used 31840K [0x00000000b0000000, 0x00000000b1f80000, 0x00000000c0000000)
  object space 32256K, 98% used [0x00000000b0000000,0x00000000b1f18108,0x00000000b1f80000)
}
Event: 3.921 GC heap before
{Heap before GC invocations=6 (full 0):
 PSYoungGen      total 141824K, used 141800K [0x00000000eaa80000, 0x00000000fd180000, 0x0000000100000000)
  eden space 131072K, 100% used [0x00000000eaa80000,0x00000000f2a80000,0x00000000f2a80000)
  from space 10752K, 99% used [0x00000000f2a80000,0x00000000f34fa290,0x00000000f3500000)
  to   space 19968K, 0% used [0x00000000fbe00000,0x00000000fbe00000,0x00000000fd180000)
 ParOldGen       total 174080K, used 10760K [0x00000000c0000000, 0x00000000caa00000, 0x00000000eaa80000)
  object space 174080K, 6% used [0x00000000c0000000,0x00000000c0a822e0,0x00000000caa00000)
 PSPermGen       total 37888K, used 37817K [0x00000000b0000000, 0x00000000b2500000, 0x00000000c0000000)
  object space 37888K, 99% used [0x00000000b0000000,0x00000000b24ee7e0,0x00000000b2500000)
Event: 3.940 GC heap after
Heap after GC invocations=6 (full 0):
 PSYoungGen      total 274432K, used 19960K [0x00000000eaa80000, 0x00000000fe080000, 0x0000000100000000)
  eden space 254464K, 0% used [0x00000000eaa80000,0x00000000eaa80000,0x00000000fa300000)
  from space 19968K, 99% used [0x00000000fbe00000,0x00000000fd17e210,0x00000000fd180000)
  to   space 27648K, 0% used [0x00000000fa300000,0x00000000fa300000,0x00000000fbe00000)
 ParOldGen       total 174080K, used 19002K [0x00000000c0000000, 0x00000000caa00000, 0x00000000eaa80000)
  object space 174080K, 10% used [0x00000000c0000000,0x00000000c128ea58,0x00000000caa00000)
 PSPermGen       total 37888K, used 37817K [0x00000000b0000000, 0x00000000b2500000, 0x00000000c0000000)
  object space 37888K, 99% used [0x00000000b0000000,0x00000000b24ee7e0,0x00000000b2500000)
}
Event: 4.868 GC heap before
{Heap before GC invocations=7 (full 0):
 PSYoungGen      total 274432K, used 102712K [0x00000000eaa80000, 0x00000000fe080000, 0x0000000100000000)
  eden space 254464K, 32% used [0x00000000eaa80000,0x00000000efb4fe30,0x00000000fa300000)
  from space 19968K, 99% used [0x00000000fbe00000,0x00000000fd17e210,0x00000000fd180000)
  to   space 27648K, 0% used [0x00000000fa300000,0x00000000fa300000,0x00000000fbe00000)
 ParOldGen       total 174080K, used 19002K [0x00000000c0000000, 0x00000000caa00000, 0x00000000eaa80000)
  object space 174080K, 10% used [0x00000000c0000000,0x00000000c128ea58,0x00000000caa00000)
 PSPermGen       total 40448K, used 40447K [0x00000000b0000000, 0x00000000b2780000, 0x00000000c0000000)
  object space 40448K, 99% used [0x00000000b0000000,0x00000000b277ffb0,0x00000000b2780000)
Event: 4.892 GC heap after
Heap after GC invocations=7 (full 0):
 PSYoungGen      total 282112K, used 26238K [0x00000000eaa80000, 0x00000000fe080000, 0x0000000100000000)
  eden space 254464K, 0% used [0x00000000eaa80000,0x00000000eaa80000,0x00000000fa300000)
  from space 27648K, 94% used [0x00000000fa300000,0x00000000fbc9f830,0x00000000fbe00000)
  to   space 19968K, 0% used [0x00000000fbe00000,0x00000000fbe00000,0x00000000fd180000)
 ParOldGen       total 174080K, used 23624K [0x00000000c0000000, 0x00000000caa00000, 0x00000000eaa80000)
  object space 174080K, 13% used [0x00000000c0000000,0x00000000c17122c8,0x00000000caa00000)
 PSPermGen       total 40448K, used 40447K [0x00000000b0000000, 0x00000000b2780000, 0x00000000c0000000)
  object space 40448K, 99% used [0x00000000b0000000,0x00000000b277ffb0,0x00000000b2780000)
}
Event: 4.892 GC heap before
{Heap before GC invocations=8 (full 1):
 PSYoungGen      total 282112K, used 26238K [0x00000000eaa80000, 0x00000000fe080000, 0x0000000100000000)
  eden space 254464K, 0% used [0x00000000eaa80000,0x00000000eaa80000,0x00000000fa300000)
  from space 27648K, 94% used [0x00000000fa300000,0x00000000fbc9f830,0x00000000fbe00000)
  to   space 19968K, 0% used [0x00000000fbe00000,0x00000000fbe00000,0x00000000fd180000)
 ParOldGen       total 174080K, used 23624K [0x00000000c0000000, 0x00000000caa00000, 0x00000000eaa80000)
  object space 174080K, 13% used [0x00000000c0000000,0x00000000c17122c8,0x00000000caa00000)
 PSPermGen       total 40448K, used 40447K [0x00000000b0000000, 0x00000000b2780000, 0x00000000c0000000)
  object space 40448K, 99% used [0x00000000b0000000,0x00000000b277ffb0,0x00000000b2780000)

Deoptimization events (10 events):
Event: 3.473 Thread 0x000000000c3b9800 Uncommon trap: reason=unreached action=reinterpret pc=0x0000000002a46164 method=com.sun.org.apache.xerces.internal.utils.XMLLimitAnalyzer.isTracking(Ljava/lang/String;)Z @ 4
Event: 4.026 Thread 0x000000000c3b9800 Uncommon trap: reason=array_check action=maybe_recompile pc=0x0000000002af4f70 method=java.util.ComparableTimSort.binarySort([Ljava/lang/Object;III)V @ 193
Event: 4.038 Thread 0x000000000c3b9800 Uncommon trap: reason=array_check action=maybe_recompile pc=0x0000000002af4eb8 method=java.util.ComparableTimSort.binarySort([Ljava/lang/Object;III)V @ 215
Event: 4.038 Thread 0x000000000c3b9800 Uncommon trap: reason=array_check action=maybe_recompile pc=0x0000000002af4f70 method=java.util.ComparableTimSort.binarySort([Ljava/lang/Object;III)V @ 193
Event: 4.039 Thread 0x000000000c3b9800 Uncommon trap: reason=array_check action=maybe_recompile pc=0x0000000002af4eb8 method=java.util.ComparableTimSort.binarySort([Ljava/lang/Object;III)V @ 215
Event: 4.166 Thread 0x000000000c3b9800 Uncommon trap: reason=null_check action=make_not_entrant pc=0x0000000002b0545c method=com.sun.beans.WeakCache.get(Ljava/lang/Object;)Ljava/lang/Object; @ 10
Event: 4.416 Thread 0x000000000c3b9800 Uncommon trap: reason=unreached action=reinterpret pc=0x0000000002a8662c method=java.lang.reflect.AccessibleObject.setAccessible0(Ljava/lang/reflect/AccessibleObject;Z)V @ 24
Event: 4.444 Thread 0x000000000c3b9800 Uncommon trap: reason=class_check action=maybe_recompile pc=0x0000000002a24970 method=com.sun.org.apache.xerces.internal.impl.XMLDocumentFragmentScannerImpl.scanDocument(Z)Z @ 9
Event: 4.445 Thread 0x000000000c3b9800 Uncommon trap: reason=unloaded action=reinterpret pc=0x0000000002a2f200 method=com.sun.org.apache.xerces.internal.dom.DeferredDocumentImpl.getNodeObject(I)Lcom/sun/org/apache/xerces/internal/dom/DeferredNode; @ 255
Event: 4.866 Thread 0x000000000c3b9800 Uncommon trap: reason=class_check action=maybe_recompile pc=0x0000000002a24970 method=com.sun.org.apache.xerces.internal.impl.XMLDocumentFragmentScannerImpl.scanDocument(Z)Z @ 9

Internal exceptions (10 events):
Event: 4.849 Thread 0x000000000c3b9800 Threw 0x00000000ef80ff38 at C:\re\jdk7u79\2331\hotspot\src\share\vm\prims\jvm.cpp:1304
Event: 4.849 Thread 0x000000000c3b9800 Threw 0x00000000ef810d68 at C:\re\jdk7u79\2331\hotspot\src\share\vm\prims\jvm.cpp:1304
Event: 4.849 Thread 0x000000000c3b9800 Threw 0x00000000ef8119f0 at C:\re\jdk7u79\2331\hotspot\src\share\vm\prims\jvm.cpp:1304
Event: 4.849 Thread 0x000000000c3b9800 Threw 0x00000000ef817a90 at C:\re\jdk7u79\2331\hotspot\src\share\vm\prims\jvm.cpp:1304
Event: 4.849 Thread 0x000000000c3b9800 Threw 0x00000000ef817e60 at C:\re\jdk7u79\2331\hotspot\src\share\vm\classfile\systemDictionary.cpp:185
Event: 4.851 Thread 0x000000000c3b9800 Threw 0x00000000ef838b38 at C:\re\jdk7u79\2331\hotspot\src\share\vm\prims\jvm.cpp:1304
Event: 4.851 Thread 0x000000000c3b9800 Threw 0x00000000ef8399b0 at C:\re\jdk7u79\2331\hotspot\src\share\vm\prims\jvm.cpp:1304
Event: 4.851 Thread 0x000000000c3b9800 Threw 0x00000000ef840cd0 at C:\re\jdk7u79\2331\hotspot\src\share\vm\prims\jvm.cpp:1304
Event: 4.862 Thread 0x000000000c3b9800 Threw 0x00000000ef8ea178 at C:\re\jdk7u79\2331\hotspot\src\share\vm\prims\jvm.cpp:1304
Event: 4.865 Thread 0x000000000c3b9800 Threw 0x00000000ef8f7af8 at C:\re\jdk7u79\2331\hotspot\src\share\vm\prims\jvm.cpp:1304

Events (10 events):
Event: 4.868 loading class 0x000000000ed5eab0 done
Event: 4.868 loading class 0x000000000ed5f1f0
Event: 4.868 loading class 0x000000000ed5f1f0 done
Event: 4.868 loading class 0x000000000ed5f1a0
Event: 4.868 loading class 0x000000000ed5f1a0 done
Event: 4.868 loading class 0x000000000ed5eeb0
Event: 4.868 loading class 0x000000000ed5eeb0 done
Event: 4.868 loading class 0x000000000ed5f2d0
Event: 4.868 loading class 0x000000000ed62330
Event: 4.868 Executing VM operation: ParallelGCFailedPermanentAllocation


Dynamic libraries:
0x00007ff789590000 - 0x00007ff7895c3000 	C:\Program Files\Java\jdk1.7.0_79\bin\java.exe
0x00007ff968710000 - 0x00007ff9688d1000 	C:\WINDOWS\SYSTEM32\ntdll.dll
0x00007ff967c10000 - 0x00007ff967cbd000 	C:\WINDOWS\system32\KERNEL32.DLL
0x00007ff9654c0000 - 0x00007ff96569d000 	C:\WINDOWS\system32\KERNELBASE.dll
0x00007ff967d90000 - 0x00007ff967e36000 	C:\WINDOWS\system32\ADVAPI32.dll
0x00007ff965df0000 - 0x00007ff965e8d000 	C:\WINDOWS\system32\msvcrt.dll
0x00007ff968430000 - 0x00007ff96848b000 	C:\WINDOWS\system32\sechost.dll
0x00007ff9682f0000 - 0x00007ff968416000 	C:\WINDOWS\system32\RPCRT4.dll
0x00007ff966530000 - 0x00007ff96667e000 	C:\WINDOWS\system32\USER32.dll
0x00007ff9680a0000 - 0x00007ff968226000 	C:\WINDOWS\system32\GDI32.dll
0x00007ff960bc0000 - 0x00007ff960e34000 	C:\WINDOWS\WinSxS\amd64_microsoft.windows.common-controls_6595b64144ccf1df_6.0.10240.16384_none_f41f7b285750ef43\COMCTL32.dll
0x00007ff9660c0000 - 0x00007ff9660f6000 	C:\WINDOWS\system32\IMM32.DLL
0x00007ff9663d0000 - 0x00007ff96652c000 	C:\WINDOWS\system32\MSCTF.dll
0x0000000063580000 - 0x0000000063652000 	C:\Program Files\Java\jdk1.7.0_79\jre\bin\msvcr100.dll
0x00000000629c0000 - 0x0000000063195000 	C:\Program Files\Java\jdk1.7.0_79\jre\bin\server\jvm.dll
0x00007ff965de0000 - 0x00007ff965de8000 	C:\WINDOWS\system32\PSAPI.DLL
0x00007ff95b690000 - 0x00007ff95b699000 	C:\WINDOWS\SYSTEM32\WSOCK32.dll
0x00007ff9631f0000 - 0x00007ff963213000 	C:\WINDOWS\SYSTEM32\WINMM.dll
0x00007ff967d20000 - 0x00007ff967d89000 	C:\WINDOWS\system32\WS2_32.dll
0x00007ff968420000 - 0x00007ff968428000 	C:\WINDOWS\system32\NSI.dll
0x00007ff963190000 - 0x00007ff9631bc000 	C:\WINDOWS\SYSTEM32\WINMMBASE.dll
0x00007ff965470000 - 0x00007ff9654b4000 	C:\WINDOWS\system32\cfgmgr32.dll
0x00007ff963ab0000 - 0x00007ff963ad7000 	C:\WINDOWS\SYSTEM32\DEVOBJ.dll
0x0000000063a60000 - 0x0000000063a6f000 	C:\Program Files\Java\jdk1.7.0_79\jre\bin\verify.dll
0x0000000063a30000 - 0x0000000063a58000 	C:\Program Files\Java\jdk1.7.0_79\jre\bin\java.dll
0x0000000063a10000 - 0x0000000063a25000 	C:\Program Files\Java\jdk1.7.0_79\jre\bin\zip.dll
0x00000000639f0000 - 0x0000000063a0a000 	C:\Program Files\Java\jdk1.7.0_79\jre\bin\net.dll
0x00007ff964a00000 - 0x00007ff964a5d000 	C:\WINDOWS\system32\mswsock.dll
0x00000000639d0000 - 0x00000000639e1000 	C:\Program Files\Java\jdk1.7.0_79\jre\bin\nio.dll
0x00007ff955850000 - 0x00007ff955862000 	C:\Users\Kacyn\.gradle\native\19\windows-amd64\native-platform.dll
0x00007ff967cc0000 - 0x00007ff967d11000 	C:\WINDOWS\system32\SHLWAPI.dll
0x00007ff968490000 - 0x00007ff96870c000 	C:\WINDOWS\system32\combase.dll
0x00007ff960b80000 - 0x00007ff960bb8000 	C:\WINDOWS\SYSTEM32\IPHLPAPI.DLL
0x00007ff961360000 - 0x00007ff96136b000 	C:\WINDOWS\SYSTEM32\WINNSI.DLL
0x00007ff95f010000 - 0x00007ff95f026000 	C:\WINDOWS\SYSTEM32\dhcpcsvc6.DLL
0x00007ff960950000 - 0x00007ff96096a000 	C:\WINDOWS\SYSTEM32\dhcpcsvc.DLL
0x00007ff964a60000 - 0x00007ff964a77000 	C:\WINDOWS\SYSTEM32\CRYPTSP.dll
0x00007ff964c80000 - 0x00007ff964ca8000 	C:\WINDOWS\SYSTEM32\bcrypt.dll
0x00007ff964640000 - 0x00007ff964673000 	C:\WINDOWS\system32\rsaenh.dll
0x00007ff964980000 - 0x00007ff96499f000 	C:\WINDOWS\SYSTEM32\USERENV.dll
0x00007ff9651b0000 - 0x00007ff9651c3000 	C:\WINDOWS\system32\profapi.dll
0x00007ff964f90000 - 0x00007ff964ffb000 	C:\WINDOWS\system32\bcryptprimitives.dll
0x00007ff964ba0000 - 0x00007ff964bab000 	C:\WINDOWS\SYSTEM32\CRYPTBASE.dll
0x0000000063970000 - 0x000000006397b000 	C:\Program Files\Java\jdk1.7.0_79\jre\bin\management.dll

VM Arguments:
jvm_args: -XX:MaxPermSize=256m -XX:+HeapDumpOnOutOfMemoryError -Xmx1024m -Dfile.encoding=windows-1252 -Duser.country=US -Duser.language=en -Duser.variant 
java_command: org.gradle.launcher.daemon.bootstrap.GradleDaemon 2.4 C:\Users\Kacyn\.gradle C:\Users\Kacyn\.gradle\daemon 10800000 33bf545f-a6d4-4b7b-88ce-1c6ba3f6e319 -XX:MaxPermSize=256m -XX:+HeapDumpOnOutOfMemoryError -Xmx1024m -Dfile.encoding=windows-1252 -Duser.country=US -Duser.language=en -Duser.variant
Launcher Type: SUN_STANDARD

Environment Variables:
PATH=C:\Python27\Lib\site-packages\PyQt4;C:\Program Files (x86)\NVIDIA Corporation\PhysX\Common;C:\Program Files\Broadcom\Broadcom 802.11 Network Adapter;C:\Program Files (x86)\Intel\iCLS Client\;C:\Program Files\Intel\iCLS Client\;C:\Windows\system32;C:\Windows;C:\Windows\System32\Wbem;C:\Windows\System32\WindowsPowerShell\v1.0\;C:\Program Files\Intel\Intel(R) Management Engine Components\DAL;C:\Program Files (x86)\Intel\Intel(R) Management Engine Components\DAL;C:\Program Files\Intel\Intel(R) Management Engine Components\IPT;C:\Program Files (x86)\Intel\Intel(R) Management Engine Components\IPT;C:\Program Files\WIDCOMM\Bluetooth Software\;C:\Program Files\WIDCOMM\Bluetooth Software\syswow64;C:\Program Files\MATLAB\R2014a\runtime\win64;C:\Program Files\MATLAB\R2014a\bin;C:\Program Files (x86)\MiKTeX 2.9\miktex\bin\;C:\Python27;C:\Python27\DLLs;C:\Python27\Scripts;C:\Python27\gnuplot\binary;C:\Program Files (x86)\pythonxy\SciTE-3.5.1-4;C:\Program Files (x86)\pythonxy\console;C:\WINDOWS\system32;C:\WINDOWS;C:\WINDOWS\System32\Wbem;C:\WINDOWS\System32\WindowsPowerShell\v1.0\;C:\Program Files (x86)\Skype\Phone\;C:\Users\Kacyn\Anaconda\Lib\site-packages\PyQt4;C:\RailsInstaller\Git\cmd;C:\RailsInstaller\Ruby2.0.0\bin;C:\Users\Kacyn\Anaconda\gnuplot\binary;C:\sqlite
USERNAME=Kacyn
OS=Windows_NT
PROCESSOR_IDENTIFIER=Intel64 Family 6 Model 60 Stepping 3, GenuineIntel



---------------  S Y S T E M  ---------------

OS: Windows 8.1 , 64 bit Build 9600 

CPU:total 8 (4 cores per cpu, 2 threads per core) family 6 model 60 stepping 3, cmov, cx8, fxsr, mmx, sse, sse2, sse3, ssse3, sse4.1, sse4.2, popcnt, avx, avx2, aes, erms, ht, tsc, tscinvbit

Memory: 4k page, physical 16717368k(5954280k free), swap 17765944k(5948k free)

vm_info: Java HotSpot(TM) 64-Bit Server VM (24.79-b02) for windows-amd64 JRE (1.7.0_79-b15), built on Apr 10 2015 12:36:16 by "java_re" with unknown MS VC++:1600

time: Mon Oct 19 21:35:26 2015
elapsed time: 5 seconds

